[2/23/20 | 0:09]: Failed to write to SQL messagelogs: Error: ER_PARSE_ERROR: You have an error in your SQL syntax; check the manual that corresponds to your MySQL server version for the right syntax to use near ''noone and everyone#1374: link'')' at line 1
[2/23/20 | 3:09]: Failed to write to SQL messagelogs: Error: ER_DUP_ENTRY: Duplicate entry '3600581' for key 'logs.PRIMARY'
[2/23/20 | 4:47]: Music Loop generated an error: TypeError: Cannot read property 'loop' of undefined
    at Object.exports.loop (c:\Users\Steve\Desktop\vortex test branch\modules\[Music] functions.js:168:37)
    at Query.<anonymous> (c:\Users\Steve\Desktop\vortex test branch\modules\[Music] Loop.js:21:17)
    at Query.<anonymous> (c:\Users\Steve\Desktop\vortex test branch\node_modules\mysql\lib\Connection.js:526:10)
    at Query._callback (c:\Users\Steve\Desktop\vortex test branch\node_modules\mysql\lib\Connection.js:488:16)
    at Query.Sequence.end (c:\Users\Steve\Desktop\vortex test branch\node_modules\mysql\lib\protocol\sequences\Sequence.js:83:24)
    at Query._handleFinalResultPacket (c:\Users\Steve\Desktop\vortex test branch\node_modules\mysql\lib\protocol\sequences\Query.js:149:8)
    at Query.EofPacket (c:\Users\Steve\Desktop\vortex test branch\node_modules\mysql\lib\protocol\sequences\Query.js:133:8)
    at Protocol._parsePacket (c:\Users\Steve\Desktop\vortex test branch\node_modules\mysql\lib\protocol\Protocol.js:291:23)
    at Parser._parsePacket (c:\Users\Steve\Desktop\vortex test branch\node_modules\mysql\lib\protocol\Parser.js:433:10)
    at Parser.write (c:\Users\Steve\Desktop\vortex test branch\node_modules\mysql\lib\protocol\Parser.js:43:10)
[2/23/20 | 4:47]: Failed to write to SQL messagelogs: Error: ER_PARSE_ERROR: You have an error in your SQL syntax; check the manual that corresponds to your MySQL server version for the right syntax to use near 'loop' of undefined
    at Object.exports.loop (c:\Users\Steve\Desktop\vortex tes' at line 1[2/23/20 | 11:29]: Failed to write to SQL messagelogs: Error: ER_PARSE_ERROR: You have an error in your SQL syntax; check the manual that corresponds to your MySQL server version for the right syntax to use near 't post my Google drive Link for my senior photos')' at line 1
[2/23/20 | 11:48]: Failed to write to SQL messagelogs: Error: ER_PARSE_ERROR: You have an error in your SQL syntax; check the manual that corresponds to your MySQL server version for the right syntax to use near 'all')' at line 1
[2/25/20 | 17:46]: Inserting into SQL database generated an error: Error: ER_BAD_FIELD_ERROR: Unknown column 'autoModWhitelistedChannels' in 'field list'
    at Query.Sequence._packetToError (d:\Code\JS\vortex test branch\node_modules\mysql\lib\protocol\sequences\Sequence.js:47:14)
    at Query.ErrorPacket (d:\Code\JS\vortex test branch\node_modules\mysql\lib\protocol\sequences\Query.js:79:18)
    at Protocol._parsePacket (d:\Code\JS\vortex test branch\node_modules\mysql\lib\protocol\Protocol.js:291:23)
    at Parser._parsePacket (d:\Code\JS\vortex test branch\node_modules\mysql\lib\protocol\Parser.js:433:10)
    at Parser.write (d:\Code\JS\vortex test branch\node_modules\mysql\lib\protocol\Parser.js:43:10)
    at Protocol.write (d:\Code\JS\vortex test branch\node_modules\mysql\lib\protocol\Protocol.js:38:16)
    at Socket.<anonymous> (d:\Code\JS\vortex test branch\node_modules\mysql\lib\Connection.js:88:28)
    at Socket.<anonymous> (d:\Code\JS\vortex test branch\node_modules\mysql\lib\Connection.js:526:10)
    at Socket.emit (events.js:223:5)
    at addChunk (_stream_readable.js:309:12)
    --------------------
    at Protocol._enqueue (d:\Code\JS\vortex test branch\node_modules\mysql\lib\protocol\Protocol.js:144:48)
    at Connection.query (d:\Code\JS\vortex test branch\node_modules\mysql\lib\Connection.js:198:25)
    at Query.<anonymous> (d:\Code\JS\vortex test branch\modules\[Server Owner] Whitelist Image Channel.js:25:14)
    at Query.<anonymous> (d:\Code\JS\vortex test branch\node_modules\mysql\lib\Connection.js:526:10)
    at Query._callback (d:\Code\JS\vortex test branch\node_modules\mysql\lib\Connection.js:488:16)
    at Query.Sequence.end (d:\Code\JS\vortex test branch\node_modules\mysql\lib\protocol\sequences\Sequence.js:83:24)
    at Query._handleFinalResultPacket (d:\Code\JS\vortex test branch\node_modules\mysql\lib\protocol\sequences\Query.js:149:8)
    at Query.EofPacket (d:\Code\JS\vortex test branch\node_modules\mysql\lib\protocol\sequences\Query.js:133:8)
    at Protocol._parsePacket (d:\Code\JS\vortex test branch\node_modules\mysql\lib\protocol\Protocol.js:291:23)
    at Parser._parsePacket (d:\Code\JS\vortex test branch\node_modules\mysql\lib\protocol\Parser.js:433:10)
[2/25/20 | 17:48]: Inserting into SQL database generated an error: Error: ER_BAD_FIELD_ERROR: Unknown column 'autoModWhitelistedChannels' in 'field list'
    at Query.Sequence._packetToError (d:\Code\JS\vortex test branch\node_modules\mysql\lib\protocol\sequences\Sequence.js:47:14)
    at Query.ErrorPacket (d:\Code\JS\vortex test branch\node_modules\mysql\lib\protocol\sequences\Query.js:79:18)
    at Protocol._parsePacket (d:\Code\JS\vortex test branch\node_modules\mysql\lib\protocol\Protocol.js:291:23)
    at Parser._parsePacket (d:\Code\JS\vortex test branch\node_modules\mysql\lib\protocol\Parser.js:433:10)
    at Parser.write (d:\Code\JS\vortex test branch\node_modules\mysql\lib\protocol\Parser.js:43:10)
    at Protocol.write (d:\Code\JS\vortex test branch\node_modules\mysql\lib\protocol\Protocol.js:38:16)
    at Socket.<anonymous> (d:\Code\JS\vortex test branch\node_modules\mysql\lib\Connection.js:88:28)
    at Socket.<anonymous> (d:\Code\JS\vortex test branch\node_modules\mysql\lib\Connection.js:526:10)
    at Socket.emit (events.js:223:5)
    at addChunk (_stream_readable.js:309:12)
    --------------------
    at Protocol._enqueue (d:\Code\JS\vortex test branch\node_modules\mysql\lib\protocol\Protocol.js:144:48)
    at Connection.query (d:\Code\JS\vortex test branch\node_modules\mysql\lib\Connection.js:198:25)
    at Query.<anonymous> (d:\Code\JS\vortex test branch\modules\[Server Owner] Whitelist Image Channel.js:25:14)
    at Query.<anonymous> (d:\Code\JS\vortex test branch\node_modules\mysql\lib\Connection.js:526:10)
    at Query._callback (d:\Code\JS\vortex test branch\node_modules\mysql\lib\Connection.js:488:16)
    at Query.Sequence.end (d:\Code\JS\vortex test branch\node_modules\mysql\lib\protocol\sequences\Sequence.js:83:24)
    at Query._handleFinalResultPacket (d:\Code\JS\vortex test branch\node_modules\mysql\lib\protocol\sequences\Query.js:149:8)
    at Query.EofPacket (d:\Code\JS\vortex test branch\node_modules\mysql\lib\protocol\sequences\Query.js:133:8)
    at Protocol._parsePacket (d:\Code\JS\vortex test branch\node_modules\mysql\lib\protocol\Protocol.js:291:23)
    at Parser._parsePacket (d:\Code\JS\vortex test branch\node_modules\mysql\lib\protocol\Parser.js:433:10)
[2/25/20 | 17:49]: Inserting into SQL database generated an error: Error: ER_BAD_FIELD_ERROR: Unknown column 'autoModWhitelistedChannels' in 'field list'
    at Query.Sequence._packetToError (d:\Code\JS\vortex test branch\node_modules\mysql\lib\protocol\sequences\Sequence.js:47:14)
    at Query.ErrorPacket (d:\Code\JS\vortex test branch\node_modules\mysql\lib\protocol\sequences\Query.js:79:18)
    at Protocol._parsePacket (d:\Code\JS\vortex test branch\node_modules\mysql\lib\protocol\Protocol.js:291:23)
    at Parser._parsePacket (d:\Code\JS\vortex test branch\node_modules\mysql\lib\protocol\Parser.js:433:10)
    at Parser.write (d:\Code\JS\vortex test branch\node_modules\mysql\lib\protocol\Parser.js:43:10)
    at Protocol.write (d:\Code\JS\vortex test branch\node_modules\mysql\lib\protocol\Protocol.js:38:16)
    at Socket.<anonymous> (d:\Code\JS\vortex test branch\node_modules\mysql\lib\Connection.js:88:28)
    at Socket.<anonymous> (d:\Code\JS\vortex test branch\node_modules\mysql\lib\Connection.js:526:10)
    at Socket.emit (events.js:223:5)
    at addChunk (_stream_readable.js:309:12)
    --------------------
    at Protocol._enqueue (d:\Code\JS\vortex test branch\node_modules\mysql\lib\protocol\Protocol.js:144:48)
    at Connection.query (d:\Code\JS\vortex test branch\node_modules\mysql\lib\Connection.js:198:25)
    at Query.<anonymous> (d:\Code\JS\vortex test branch\modules\[Server Owner] Whitelist Image Channel.js:25:14)
    at Query.<anonymous> (d:\Code\JS\vortex test branch\node_modules\mysql\lib\Connection.js:526:10)
    at Query._callback (d:\Code\JS\vortex test branch\node_modules\mysql\lib\Connection.js:488:16)
    at Query.Sequence.end (d:\Code\JS\vortex test branch\node_modules\mysql\lib\protocol\sequences\Sequence.js:83:24)
    at Query._handleFinalResultPacket (d:\Code\JS\vortex test branch\node_modules\mysql\lib\protocol\sequences\Query.js:149:8)
    at Query.EofPacket (d:\Code\JS\vortex test branch\node_modules\mysql\lib\protocol\sequences\Query.js:133:8)
    at Protocol._parsePacket (d:\Code\JS\vortex test branch\node_modules\mysql\lib\protocol\Protocol.js:291:23)
    at Parser._parsePacket (d:\Code\JS\vortex test branch\node_modules\mysql\lib\protocol\Parser.js:433:10)
[2/25/20 | 17:58]: Inserting into SQL database generated an error: Error: ER_BAD_FIELD_ERROR: Unknown column 'autoModWhitelistedChannels' in 'field list'
    at Query.Sequence._packetToError (d:\Code\JS\vortex test branch\node_modules\mysql\lib\protocol\sequences\Sequence.js:47:14)
    at Query.ErrorPacket (d:\Code\JS\vortex test branch\node_modules\mysql\lib\protocol\sequences\Query.js:79:18)
    at Protocol._parsePacket (d:\Code\JS\vortex test branch\node_modules\mysql\lib\protocol\Protocol.js:291:23)
    at Parser._parsePacket (d:\Code\JS\vortex test branch\node_modules\mysql\lib\protocol\Parser.js:433:10)
    at Parser.write (d:\Code\JS\vortex test branch\node_modules\mysql\lib\protocol\Parser.js:43:10)
    at Protocol.write (d:\Code\JS\vortex test branch\node_modules\mysql\lib\protocol\Protocol.js:38:16)
    at Socket.<anonymous> (d:\Code\JS\vortex test branch\node_modules\mysql\lib\Connection.js:88:28)
    at Socket.<anonymous> (d:\Code\JS\vortex test branch\node_modules\mysql\lib\Connection.js:526:10)
    at Socket.emit (events.js:223:5)
    at addChunk (_stream_readable.js:309:12)
    --------------------
    at Protocol._enqueue (d:\Code\JS\vortex test branch\node_modules\mysql\lib\protocol\Protocol.js:144:48)
    at Connection.query (d:\Code\JS\vortex test branch\node_modules\mysql\lib\Connection.js:198:25)
    at Query.<anonymous> (d:\Code\JS\vortex test branch\modules\[Server Owner] Whitelist Image Channel.js:25:14)
    at Query.<anonymous> (d:\Code\JS\vortex test branch\node_modules\mysql\lib\Connection.js:526:10)
    at Query._callback (d:\Code\JS\vortex test branch\node_modules\mysql\lib\Connection.js:488:16)
    at Query.Sequence.end (d:\Code\JS\vortex test branch\node_modules\mysql\lib\protocol\sequences\Sequence.js:83:24)
    at Query._handleFinalResultPacket (d:\Code\JS\vortex test branch\node_modules\mysql\lib\protocol\sequences\Query.js:149:8)
    at Query.EofPacket (d:\Code\JS\vortex test branch\node_modules\mysql\lib\protocol\sequences\Query.js:133:8)
    at Protocol._parsePacket (d:\Code\JS\vortex test branch\node_modules\mysql\lib\protocol\Protocol.js:291:23)
    at Parser._parsePacket (d:\Code\JS\vortex test branch\node_modules\mysql\lib\protocol\Parser.js:433:10)
[2/26/20 | 16:44]: Setting realtime logging channel generated an error: Error: ER_BAD_FIELD_ERROR: Unknown column 'realTimeLoggingChannel' in 'field list'
    at Query.Sequence._packetToError (d:\Code\JS\vortex test branch\node_modules\mysql\lib\protocol\sequences\Sequence.js:47:14)
    at Query.ErrorPacket (d:\Code\JS\vortex test branch\node_modules\mysql\lib\protocol\sequences\Query.js:79:18)
    at Protocol._parsePacket (d:\Code\JS\vortex test branch\node_modules\mysql\lib\protocol\Protocol.js:291:23)
    at Parser._parsePacket (d:\Code\JS\vortex test branch\node_modules\mysql\lib\protocol\Parser.js:433:10)
    at Parser.write (d:\Code\JS\vortex test branch\node_modules\mysql\lib\protocol\Parser.js:43:10)
    at Protocol.write (d:\Code\JS\vortex test branch\node_modules\mysql\lib\protocol\Protocol.js:38:16)
    at Socket.<anonymous> (d:\Code\JS\vortex test branch\node_modules\mysql\lib\Connection.js:88:28)
    at Socket.<anonymous> (d:\Code\JS\vortex test branch\node_modules\mysql\lib\Connection.js:526:10)
    at Socket.emit (events.js:223:5)
    at addChunk (_stream_readable.js:309:12)
    --------------------
    at Protocol._enqueue (d:\Code\JS\vortex test branch\node_modules\mysql\lib\protocol\Protocol.js:144:48)
    at Connection.query (d:\Code\JS\vortex test branch\node_modules\mysql\lib\Connection.js:198:25)
    at MessageCollector.<anonymous> (d:\Code\JS\vortex test branch\modules\[Server Owner] Settings.js:239:18)
    at MessageCollector.emit (events.js:228:7)
    at MessageCollector._handle (d:\Code\JS\vortex test branch\node_modules\discord.js\src\structures\interfaces\Collector.js:92:10)
    at Client.emit (events.js:228:7)
    at MessageCreateHandler.handle (d:\Code\JS\vortex test branch\node_modules\discord.js\src\client\websocket\packets\handlers\MessageCreate.js:9:34)
    at WebSocketPacketManager.handle (d:\Code\JS\vortex test branch\node_modules\discord.js\src\client\websocket\packets\WebSocketPacketManager.js:105:65)
    at WebSocketConnection.onPacket (d:\Code\JS\vortex test branch\node_modules\discord.js\src\client\websocket\WebSocketConnection.js:333:35)
    at WebSocketConnection.onMessage (d:\Code\JS\vortex test branch\node_modules\discord.js\src\client\websocket\WebSocketConnection.js:296:17)
[3/13/20 | 19:21]: Failed to write to SQL messagelogs: Error: ER_PARSE_ERROR: You have an error in your SQL syntax; check the manual that corresponds to your MySQL server version for the right syntax to use near ''Fallen#4585: .who <@!680202789015912561> \')' at line 1
[3/13/20 | 19:24]: Failed to write to SQL messagelogs: Error: ER_PARSE_ERROR: You have an error in your SQL syntax; check the manual that corresponds to your MySQL server version for the right syntax to use near ''Fallen#4585: .who <@!680202789015912561> \')' at line 1
[3/13/20 | 19:39]: Failed to write to SQL messagelogs: Error: ER_PARSE_ERROR: You have an error in your SQL syntax; check the manual that corresponds to your MySQL server version for the right syntax to use near ''Fallen#4585: .who &lt;@!680202789015912561&gt; \')' at line 1
[4/3/20 | 15:31]: Help module generated an error: RangeError: RichEmbeds may not exceed 25 fields.
    at RichEmbed.addField (y:\Code\JS\vortex test branch\node_modules\discord.js\src\structures\RichEmbed.js:160:41)
    at y:\Code\JS\vortex test branch\commands\General\[General] help.js:55:17
    at Map.map (y:\Code\JS\vortex test branch\node_modules\discord.js\src\util\Collection.js:343:47)
    at getAll (y:\Code\JS\vortex test branch\commands\General\[General] help.js:28:33)
    at Object.execute (y:\Code\JS\vortex test branch\commands\General\[General] help.js:15:5)
    at Query.<anonymous> (y:\Code\JS\vortex test branch\bot.js:535:15)
    at processTicksAndRejections (internal/process/task_queues.js:94:5)
[4/3/20 | 15:31]: Help module generated an error: RangeError: RichEmbeds may not exceed 25 fields.
    at RichEmbed.addField (y:\Code\JS\vortex test branch\node_modules\discord.js\src\structures\RichEmbed.js:160:41)
    at y:\Code\JS\vortex test branch\commands\General\[General] help.js:55:17
    at Map.map (y:\Code\JS\vortex test branch\node_modules\discord.js\src\util\Collection.js:343:47)
    at getAll (y:\Code\JS\vortex test branch\commands\General\[General] help.js:28:33)
    at Object.execute (y:\Code\JS\vortex test branch\commands\General\[General] help.js:15:5)
    at Query.<anonymous> (y:\Code\JS\vortex test branch\bot.js:535:15)
    at processTicksAndRejections (internal/process/task_queues.js:94:5)
[4/3/20 | 15:32]: Help module generated an error: RangeError: RichEmbeds may not exceed 25 fields.
    at RichEmbed.addField (y:\Code\JS\vortex test branch\node_modules\discord.js\src\structures\RichEmbed.js:160:41)
    at y:\Code\JS\vortex test branch\commands\General\[General] help.js:55:17
    at Map.map (y:\Code\JS\vortex test branch\node_modules\discord.js\src\util\Collection.js:343:47)
    at getAll (y:\Code\JS\vortex test branch\commands\General\[General] help.js:28:33)
    at Object.execute (y:\Code\JS\vortex test branch\commands\General\[General] help.js:15:5)
    at Query.<anonymous> (y:\Code\JS\vortex test branch\bot.js:535:15)
    at processTicksAndRejections (internal/process/task_queues.js:94:5)
[4/3/20 | 15:32]: Help module generated an error: RangeError: RichEmbeds may not exceed 25 fields.
    at RichEmbed.addField (y:\Code\JS\vortex test branch\node_modules\discord.js\src\structures\RichEmbed.js:160:41)
    at y:\Code\JS\vortex test branch\commands\General\[General] help.js:54:17
    at Map.map (y:\Code\JS\vortex test branch\node_modules\discord.js\src\util\Collection.js:343:47)
    at getAll (y:\Code\JS\vortex test branch\commands\General\[General] help.js:28:33)
    at Object.execute (y:\Code\JS\vortex test branch\commands\General\[General] help.js:15:5)
    at Query.<anonymous> (y:\Code\JS\vortex test branch\bot.js:535:15)
    at processTicksAndRejections (internal/process/task_queues.js:94:5)
[4/3/20 | 15:33]: Help module generated an error: TypeError: Cannot read property 'length' of null
    at RichEmbed.addField (y:\Code\JS\vortex test branch\node_modules\discord.js\src\structures\RichEmbed.js:160:21)
    at y:\Code\JS\vortex test branch\commands\General\[General] help.js:52:17
    at Map.map (y:\Code\JS\vortex test branch\node_modules\discord.js\src\util\Collection.js:343:47)
    at getAll (y:\Code\JS\vortex test branch\commands\General\[General] help.js:28:33)
    at Object.execute (y:\Code\JS\vortex test branch\commands\General\[General] help.js:15:5)
    at Query.<anonymous> (y:\Code\JS\vortex test branch\bot.js:535:15)
    at processTicksAndRejections (internal/process/task_queues.js:94:5)
[4/3/20 | 15:34]: Help module generated an error: TypeError: Cannot read property 'length' of null
    at RichEmbed.addField (y:\Code\JS\vortex test branch\node_modules\discord.js\src\structures\RichEmbed.js:160:21)
    at y:\Code\JS\vortex test branch\commands\General\[General] help.js:52:17
    at Map.map (y:\Code\JS\vortex test branch\node_modules\discord.js\src\util\Collection.js:343:47)
    at getAll (y:\Code\JS\vortex test branch\commands\General\[General] help.js:28:33)
    at Object.execute (y:\Code\JS\vortex test branch\commands\General\[General] help.js:15:5)
    at Query.<anonymous> (y:\Code\JS\vortex test branch\bot.js:535:15)
    at processTicksAndRejections (internal/process/task_queues.js:94:5)
[4/17/20 | 18:14]: Help module generated an error: ReferenceError: catName is not defined
    at newColCheck (D:\code\JS\vortex test branch\commands\General\[General] help.js:22:3)
    at D:\code\JS\vortex test branch\commands\General\[General] help.js:62:23
    at Map.map (D:\code\JS\vortex test branch\node_modules\discord.js\src\util\Collection.js:343:47)
    at getAll (D:\code\JS\vortex test branch\commands\General\[General] help.js:47:33)
    at Object.execute (D:\code\JS\vortex test branch\commands\General\[General] help.js:15:5)
    at Query.<anonymous> (D:\code\JS\vortex test branch\bot.js:535:15)
    at processTicksAndRejections (internal/process/task_queues.js:97:5)
[4/25/20 | 17:08]: Help module generated an error: RangeError: RichEmbeds may not exceed 25 fields.
    at RichEmbed.addField (y:\Code\JS\vortex test branch\node_modules\discord.js\src\structures\RichEmbed.js:160:41)
    at y:\Code\JS\vortex test branch\commands\General\[General] help.js:78:17
    at Map.map (y:\Code\JS\vortex test branch\node_modules\discord.js\src\util\Collection.js:343:47)
    at getAll (y:\Code\JS\vortex test branch\commands\General\[General] help.js:48:33)
    at Object.execute (y:\Code\JS\vortex test branch\commands\General\[General] help.js:16:5)
    at Query.<anonymous> (y:\Code\JS\vortex test branch\bot.js:535:15)
    at processTicksAndRejections (internal/process/task_queues.js:94:5)
[4/25/20 | 17:13]: Help module generated an error: ReferenceError: defaultEmbedColor is not defined
    at getAll (y:\Code\JS\vortex test branch\commands\General\[General] help.js:87:17)
    at Object.execute (y:\Code\JS\vortex test branch\commands\General\[General] help.js:16:5)
    at Query.<anonymous> (y:\Code\JS\vortex test branch\bot.js:535:15)
    at processTicksAndRejections (internal/process/task_queues.js:94:5)
[4/25/20 | 18:24]: Calling ticket list generated an error: Error: ER_BAD_FIELD_ERROR: Unknown column 'name' in 'field list'
    at Query.Sequence._packetToError (y:\Code\JS\vortex test branch\node_modules\mysql\lib\protocol\sequences\Sequence.js:47:14)
    at Query.ErrorPacket (y:\Code\JS\vortex test branch\node_modules\mysql\lib\protocol\sequences\Query.js:79:18)
    at Protocol._parsePacket (y:\Code\JS\vortex test branch\node_modules\mysql\lib\protocol\Protocol.js:291:23)
    at Parser._parsePacket (y:\Code\JS\vortex test branch\node_modules\mysql\lib\protocol\Parser.js:433:10)
    at Parser.write (y:\Code\JS\vortex test branch\node_modules\mysql\lib\protocol\Parser.js:43:10)
    at Protocol.write (y:\Code\JS\vortex test branch\node_modules\mysql\lib\protocol\Protocol.js:38:16)
    at Socket.<anonymous> (y:\Code\JS\vortex test branch\node_modules\mysql\lib\Connection.js:88:28)
    at Socket.<anonymous> (y:\Code\JS\vortex test branch\node_modules\mysql\lib\Connection.js:526:10)
    at Socket.emit (events.js:223:5)
    at addChunk (_stream_readable.js:309:12)
    --------------------
    at Protocol._enqueue (y:\Code\JS\vortex test branch\node_modules\mysql\lib\protocol\Protocol.js:144:48)
    at Connection.query (y:\Code\JS\vortex test branch\node_modules\mysql\lib\Connection.js:198:25)
    at Client.<anonymous> (y:\Code\JS\vortex test branch\bot.js:575:10)
    at Client.emit (events.js:228:7)
    at MessageCreateHandler.handle (y:\Code\JS\vortex test branch\node_modules\discord.js\src\client\websocket\packets\handlers\MessageCreate.js:9:34)
    at WebSocketPacketManager.handle (y:\Code\JS\vortex test branch\node_modules\discord.js\src\client\websocket\packets\WebSocketPacketManager.js:105:65)
    at WebSocketConnection.onPacket (y:\Code\JS\vortex test branch\node_modules\discord.js\src\client\websocket\WebSocketConnection.js:333:35)
    at WebSocketConnection.onMessage (y:\Code\JS\vortex test branch\node_modules\discord.js\src\client\websocket\WebSocketConnection.js:296:17)
    at WebSocket.onMessage (y:\Code\JS\vortex test branch\node_modules\ws\lib\event-target.js:120:16)
    at WebSocket.emit (events.js:223:5)
[4/30/20 | 1:55]: Failed to write to SQL messagelogs: Error: ER_PARSE_ERROR: You have an error in your SQL syntax; check the manual that corresponds to your MySQL server version for the right syntax to use near ''Galvan#0627: :\')' at line 1
[5/15/20 | 14:02]: Failed to write to SQL messagelogs: Error: Cannot enqueue Query after fatal error.
[5/15/20 | 14:06]: Failed to write to SQL messagelogs: Error: Cannot enqueue Query after fatal error.
[5/15/20 | 14:07]: Failed to write to SQL messagelogs: Error: Cannot enqueue Query after fatal error.
[5/15/20 | 18:47]: Failed to write to SQL messagelogs: Error: Cannot enqueue Query after fatal error.
[5/16/20 | 23:40]: Failed to write to SQL messagelogs: Error: Cannot enqueue Query after fatal error.
[5/18/20 | 5:28]: Failed to write to SQL messagelogs: Error: Cannot enqueue Query after fatal error.
[5/18/20 | 18:25]: Failed to write to SQL messagelogs: Error: Cannot enqueue Query after fatal error.
[5/19/20 | 22:28]: Failed to write to SQL messagelogs: Error: Cannot enqueue Query after fatal error.
[5/19/20 | 22:43]: Failed to write to SQL messagelogs: Error: Cannot enqueue Query after fatal error.
[5/19/20 | 22:44]: Failed to write to SQL messagelogs: Error: Cannot enqueue Query after fatal error.
[5/19/20 | 22:46]: Failed to write to SQL messagelogs: Error: Cannot enqueue Query after fatal error.
[5/19/20 | 22:46]: Failed to write to SQL messagelogs: Error: Cannot enqueue Query after fatal error.
[5/19/20 | 22:46]: Failed to write to SQL messagelogs: Error: Cannot enqueue Query after fatal error.
[5/19/20 | 22:47]: Failed to write to SQL messagelogs: Error: Cannot enqueue Query after fatal error.
[5/19/20 | 22:47]: Failed to write to SQL messagelogs: Error: Cannot enqueue Query after fatal error.
[5/19/20 | 22:49]: Failed to write to SQL messagelogs: Error: Cannot enqueue Query after fatal error.
[5/19/20 | 22:54]: Failed to write to SQL messagelogs: Error: Cannot enqueue Query after fatal error.
[5/19/20 | 22:54]: Failed to write to SQL messagelogs: Error: Cannot enqueue Query after fatal error.
[5/19/20 | 22:54]: Failed to write to SQL messagelogs: Error: Cannot enqueue Query after fatal error.
[5/19/20 | 23:00]: Failed to write to SQL messagelogs: Error: Cannot enqueue Query after fatal error.
[5/20/20 | 1:41]: Failed to write to SQL messagelogs: Error: Cannot enqueue Query after fatal error.
[5/24/20 | 2:08]: Failed to write to SQL messagelogs: Error: Cannot enqueue Query after fatal error.
[5/24/20 | 13:11]: Failed to write to SQL messagelogs: Error: Cannot enqueue Query after fatal error.
[5/24/20 | 22:53]: Failed to write to SQL messagelogs: Error: Cannot enqueue Query after fatal error.
[5/24/20 | 22:53]: Failed to write to SQL messagelogs: Error: Cannot enqueue Query after fatal error.
[5/24/20 | 22:53]: Failed to write to SQL messagelogs: Error: Cannot enqueue Query after fatal error.
[5/24/20 | 22:53]: Failed to write to SQL messagelogs: Error: Cannot enqueue Query after fatal error.
[5/24/20 | 22:56]: Failed to write to SQL messagelogs: Error: Cannot enqueue Query after fatal error.
[5/24/20 | 22:59]: Failed to write to SQL messagelogs: Error: Cannot enqueue Query after fatal error.
[5/24/20 | 22:59]: Failed to write to SQL messagelogs: Error: Cannot enqueue Query after fatal error.
[5/25/20 | 17:49]: Failed to write to SQL messagelogs: Error: Cannot enqueue Query after fatal error.
[5/25/20 | 23:01]: Failed to write to SQL messagelogs: Error: Cannot enqueue Query after fatal error.
[5/27/20 | 20:34]: Failed to write to SQL messagelogs: Error: Cannot enqueue Query after fatal error.
[5/27/20 | 20:37]: Failed to write to SQL messagelogs: Error: Cannot enqueue Query after fatal error.
[5/28/20 | 1:26]: Failed to write to SQL messagelogs: Error: Cannot enqueue Query after fatal error.
[5/28/20 | 7:11]: Failed to write to SQL messagelogs: Error: Cannot enqueue Query after fatal error.
[5/28/20 | 12:15]: Client error: undefined
[5/28/20 | 14:38]: Failed to write to SQL messagelogs: Error: Cannot enqueue Query after fatal error.
[5/28/20 | 14:38]: Failed to write to SQL messagelogs: Error: Cannot enqueue Query after fatal error.
[5/28/20 | 14:39]: Failed to write to SQL messagelogs: Error: Cannot enqueue Query after fatal error.
[5/28/20 | 14:39]: Failed to write to SQL messagelogs: Error: Cannot enqueue Query after fatal error.
[5/28/20 | 15:33]: Failed to write to SQL messagelogs: Error: Cannot enqueue Query after fatal error.
[5/28/20 | 15:35]: Failed to write to SQL messagelogs: Error: Cannot enqueue Query after fatal error.
[5/28/20 | 15:35]: Failed to write to SQL messagelogs: Error: Cannot enqueue Query after fatal error.
[5/28/20 | 15:35]: Failed to write to SQL messagelogs: Error: Cannot enqueue Query after fatal error.
[5/28/20 | 15:35]: Failed to write to SQL messagelogs: Error: Cannot enqueue Query after fatal error.
[5/28/20 | 15:35]: Failed to write to SQL messagelogs: Error: Cannot enqueue Query after fatal error.
[5/28/20 | 15:35]: Failed to write to SQL messagelogs: Error: Cannot enqueue Query after fatal error.
[5/28/20 | 15:35]: Failed to write to SQL messagelogs: Error: Cannot enqueue Query after fatal error.
[5/28/20 | 15:35]: Failed to write to SQL messagelogs: Error: Cannot enqueue Query after fatal error.
[5/28/20 | 15:35]: Failed to write to SQL messagelogs: Error: Cannot enqueue Query after fatal error.
[5/28/20 | 15:35]: Failed to write to SQL messagelogs: Error: Cannot enqueue Query after fatal error.
[5/28/20 | 15:35]: Failed to write to SQL messagelogs: Error: Cannot enqueue Query after fatal error.
[5/28/20 | 15:35]: Failed to write to SQL messagelogs: Error: Cannot enqueue Query after fatal error.
[5/28/20 | 15:35]: Failed to write to SQL messagelogs: Error: Cannot enqueue Query after fatal error.
[5/28/20 | 15:35]: Failed to write to SQL messagelogs: Error: Cannot enqueue Query after fatal error.
[5/28/20 | 15:35]: Failed to write to SQL messagelogs: Error: Cannot enqueue Query after fatal error.
[5/28/20 | 15:35]: Failed to write to SQL messagelogs: Error: Cannot enqueue Query after fatal error.
[5/28/20 | 15:35]: Failed to write to SQL messagelogs: Error: Cannot enqueue Query after fatal error.
[5/28/20 | 15:35]: Failed to write to SQL messagelogs: Error: Cannot enqueue Query after fatal error.
[5/28/20 | 15:35]: Failed to write to SQL messagelogs: Error: Cannot enqueue Query after fatal error.
[5/28/20 | 15:35]: Failed to write to SQL messagelogs: Error: Cannot enqueue Query after fatal error.
[5/28/20 | 15:35]: Failed to write to SQL messagelogs: Error: Cannot enqueue Query after fatal error.
[5/28/20 | 15:35]: Failed to write to SQL messagelogs: Error: Cannot enqueue Query after fatal error.
[5/28/20 | 15:35]: Failed to write to SQL messagelogs: Error: Cannot enqueue Query after fatal error.
[5/28/20 | 15:35]: Failed to write to SQL messagelogs: Error: Cannot enqueue Query after fatal error.
[5/28/20 | 15:35]: Failed to write to SQL messagelogs: Error: Cannot enqueue Query after fatal error.
[5/28/20 | 15:35]: Failed to write to SQL messagelogs: Error: Cannot enqueue Query after fatal error.
[5/28/20 | 15:35]: Failed to write to SQL messagelogs: Error: Cannot enqueue Query after fatal error.
[5/28/20 | 15:35]: Failed to write to SQL messagelogs: Error: Cannot enqueue Query after fatal error.
[5/28/20 | 15:35]: Failed to write to SQL messagelogs: Error: Cannot enqueue Query after fatal error.
[5/28/20 | 15:35]: Failed to write to SQL messagelogs: Error: Cannot enqueue Query after fatal error.
[5/28/20 | 15:35]: Failed to write to SQL messagelogs: Error: Cannot enqueue Query after fatal error.
[5/28/20 | 15:35]: Failed to write to SQL messagelogs: Error: Cannot enqueue Query after fatal error.
[5/28/20 | 15:35]: Failed to write to SQL messagelogs: Error: Cannot enqueue Query after fatal error.
[5/28/20 | 15:35]: Failed to write to SQL messagelogs: Error: Cannot enqueue Query after fatal error.
[5/28/20 | 15:35]: Failed to write to SQL messagelogs: Error: Cannot enqueue Query after fatal error.
[5/28/20 | 15:35]: Failed to write to SQL messagelogs: Error: Cannot enqueue Query after fatal error.
[5/28/20 | 15:35]: Failed to write to SQL messagelogs: Error: Cannot enqueue Query after fatal error.
[5/28/20 | 15:35]: Failed to write to SQL messagelogs: Error: Cannot enqueue Query after fatal error.
[5/28/20 | 15:35]: Failed to write to SQL messagelogs: Error: Cannot enqueue Query after fatal error.
[5/28/20 | 15:35]: Failed to write to SQL messagelogs: Error: Cannot enqueue Query after fatal error.
[5/28/20 | 15:35]: Failed to write to SQL messagelogs: Error: Cannot enqueue Query after fatal error.
[5/28/20 | 15:35]: Failed to write to SQL messagelogs: Error: Cannot enqueue Query after fatal error.
[5/28/20 | 15:35]: Failed to write to SQL messagelogs: Error: Cannot enqueue Query after fatal error.
[5/28/20 | 15:35]: Failed to write to SQL messagelogs: Error: Cannot enqueue Query after fatal error.
[5/28/20 | 15:35]: Failed to write to SQL messagelogs: Error: Cannot enqueue Query after fatal error.
[5/28/20 | 15:35]: Failed to write to SQL messagelogs: Error: Cannot enqueue Query after fatal error.
[5/28/20 | 15:35]: Failed to write to SQL messagelogs: Error: Cannot enqueue Query after fatal error.
[5/28/20 | 15:35]: Failed to write to SQL messagelogs: Error: Cannot enqueue Query after fatal error.
[5/28/20 | 15:35]: Failed to write to SQL messagelogs: Error: Cannot enqueue Query after fatal error.
[5/28/20 | 15:36]: Failed to write to SQL messagelogs: Error: Cannot enqueue Query after fatal error.
[5/28/20 | 15:36]: Failed to write to SQL messagelogs: Error: Cannot enqueue Query after fatal error.
[5/28/20 | 15:36]: Failed to write to SQL messagelogs: Error: Cannot enqueue Query after fatal error.
[5/28/20 | 15:36]: Failed to write to SQL messagelogs: Error: Cannot enqueue Query after fatal error.
[5/28/20 | 15:37]: Failed to write to SQL messagelogs: Error: Cannot enqueue Query after fatal error.
[5/28/20 | 15:37]: Failed to write to SQL messagelogs: Error: Cannot enqueue Query after fatal error.
[5/28/20 | 21:10]: Failed to write to SQL messagelogs: Error: Cannot enqueue Query after fatal error.
[5/28/20 | 21:11]: Failed to write to SQL messagelogs: Error: Cannot enqueue Query after fatal error.
[5/29/20 | 22:36]: Failed to write to SQL messagelogs: Error: Cannot enqueue Query after fatal error.
[5/30/20 | 0:49]: Failed to write to SQL messagelogs: Error: Cannot enqueue Query after fatal error.
[5/30/20 | 0:50]: Failed to write to SQL messagelogs: Error: Cannot enqueue Query after fatal error.
[6/23/20 | 4:13]: Inserting into tickets DB (lastMessage) generated an error: Error: ER_DATA_TOO_LONG: Data too long for column 'lastMessage' at row 1
    at Query.Sequence._packetToError (/root/skyfall/node_modules/mysql/lib/protocol/sequences/Sequence.js:47:14)
    at Query.ErrorPacket (/root/skyfall/node_modules/mysql/lib/protocol/sequences/Query.js:79:18)
    at Protocol._parsePacket (/root/skyfall/node_modules/mysql/lib/protocol/Protocol.js:291:23)
    at Parser._parsePacket (/root/skyfall/node_modules/mysql/lib/protocol/Parser.js:433:10)
    at Parser.write (/root/skyfall/node_modules/mysql/lib/protocol/Parser.js:43:10)
    at Protocol.write (/root/skyfall/node_modules/mysql/lib/protocol/Protocol.js:38:16)
    at Socket.<anonymous> (/root/skyfall/node_modules/mysql/lib/Connection.js:88:28)
    at Socket.<anonymous> (/root/skyfall/node_modules/mysql/lib/Connection.js:526:10)
    at Socket.emit (events.js:315:20)
    at addChunk (_stream_readable.js:295:12)
    --------------------
    at Protocol._enqueue (/root/skyfall/node_modules/mysql/lib/protocol/Protocol.js:144:48)
    at Connection.query (/root/skyfall/node_modules/mysql/lib/Connection.js:198:25)
    at Query.<anonymous> (/root/skyfall/bot.js:774:16)
    at Query.<anonymous> (/root/skyfall/node_modules/mysql/lib/Connection.js:526:10)
    at Query._callback (/root/skyfall/node_modules/mysql/lib/Connection.js:488:16)
    at Query.Sequence.end (/root/skyfall/node_modules/mysql/lib/protocol/sequences/Sequence.js:83:24)
    at Query._handleFinalResultPacket (/root/skyfall/node_modules/mysql/lib/protocol/sequences/Query.js:149:8)
    at Query.EofPacket (/root/skyfall/node_modules/mysql/lib/protocol/sequences/Query.js:133:8)
    at Protocol._parsePacket (/root/skyfall/node_modules/mysql/lib/protocol/Protocol.js:291:23)
    at Parser._parsePacket (/root/skyfall/node_modules/mysql/lib/protocol/Parser.js:433:10)
[6/23/20 | 0:52]: calling SQL in scanMessageContent() generated an error: Error: ER_BAD_FIELD_ERROR: Unknown column 'defaultErrorEmbedColor' in 'field list'
    at Query.Sequence._packetToError (c:\Users\Steve\Desktop\skyfall\node_modules\mysql\lib\protocol\sequences\Sequence.js:47:14)
    at Query.ErrorPacket (c:\Users\Steve\Desktop\skyfall\node_modules\mysql\lib\protocol\sequences\Query.js:79:18)
    at Protocol._parsePacket (c:\Users\Steve\Desktop\skyfall\node_modules\mysql\lib\protocol\Protocol.js:291:23)
    at Parser._parsePacket (c:\Users\Steve\Desktop\skyfall\node_modules\mysql\lib\protocol\Parser.js:433:10)
    at Parser.write (c:\Users\Steve\Desktop\skyfall\node_modules\mysql\lib\protocol\Parser.js:43:10)
    at Protocol.write (c:\Users\Steve\Desktop\skyfall\node_modules\mysql\lib\protocol\Protocol.js:38:16)
    at Socket.<anonymous> (c:\Users\Steve\Desktop\skyfall\node_modules\mysql\lib\Connection.js:88:28)
    at Socket.<anonymous> (c:\Users\Steve\Desktop\skyfall\node_modules\mysql\lib\Connection.js:526:10)
    at Socket.emit (events.js:223:5)
    at addChunk (_stream_readable.js:309:12)
    --------------------
    at Protocol._enqueue (c:\Users\Steve\Desktop\skyfall\node_modules\mysql\lib\protocol\Protocol.js:144:48)
    at Connection.query (c:\Users\Steve\Desktop\skyfall\node_modules\mysql\lib\Connection.js:198:25)
    at scanMessageContent (c:\Users\Steve\Desktop\skyfall\bot.js:102:10)
    at Query.<anonymous> (c:\Users\Steve\Desktop\skyfall\bot.js:505:15)
    at processTicksAndRejections (internal/process/task_queues.js:94:5)
[6/23/20 | 0:52]: calling SQL in scanMessageContent() generated an error: Error: ER_BAD_FIELD_ERROR: Unknown column 'defaultErrorEmbedColor' in 'field list'
    at Query.Sequence._packetToError (c:\Users\Steve\Desktop\skyfall\node_modules\mysql\lib\protocol\sequences\Sequence.js:47:14)
    at Query.ErrorPacket (c:\Users\Steve\Desktop\skyfall\node_modules\mysql\lib\protocol\sequences\Query.js:79:18)
    at Protocol._parsePacket (c:\Users\Steve\Desktop\skyfall\node_modules\mysql\lib\protocol\Protocol.js:291:23)
    at Parser._parsePacket (c:\Users\Steve\Desktop\skyfall\node_modules\mysql\lib\protocol\Parser.js:433:10)
    at Parser.write (c:\Users\Steve\Desktop\skyfall\node_modules\mysql\lib\protocol\Parser.js:43:10)
    at Protocol.write (c:\Users\Steve\Desktop\skyfall\node_modules\mysql\lib\protocol\Protocol.js:38:16)
    at Socket.<anonymous> (c:\Users\Steve\Desktop\skyfall\node_modules\mysql\lib\Connection.js:88:28)
    at Socket.<anonymous> (c:\Users\Steve\Desktop\skyfall\node_modules\mysql\lib\Connection.js:526:10)
    at Socket.emit (events.js:223:5)
    at addChunk (_stream_readable.js:309:12)
    --------------------
    at Protocol._enqueue (c:\Users\Steve\Desktop\skyfall\node_modules\mysql\lib\protocol\Protocol.js:144:48)
    at Connection.query (c:\Users\Steve\Desktop\skyfall\node_modules\mysql\lib\Connection.js:198:25)
    at scanMessageContent (c:\Users\Steve\Desktop\skyfall\bot.js:102:10)
    at Client.<anonymous> (c:\Users\Steve\Desktop\skyfall\bot.js:833:3)
    at processTicksAndRejections (internal/process/task_queues.js:94:5)
[6/23/20 | 0:52]: calling SQL in scanMessageContent() generated an error: Error: ER_BAD_FIELD_ERROR: Unknown column 'defaultErrorEmbedColor' in 'field list'
    at Query.Sequence._packetToError (c:\Users\Steve\Desktop\skyfall\node_modules\mysql\lib\protocol\sequences\Sequence.js:47:14)
    at Query.ErrorPacket (c:\Users\Steve\Desktop\skyfall\node_modules\mysql\lib\protocol\sequences\Query.js:79:18)
    at Protocol._parsePacket (c:\Users\Steve\Desktop\skyfall\node_modules\mysql\lib\protocol\Protocol.js:291:23)
    at Parser._parsePacket (c:\Users\Steve\Desktop\skyfall\node_modules\mysql\lib\protocol\Parser.js:433:10)
    at Parser.write (c:\Users\Steve\Desktop\skyfall\node_modules\mysql\lib\protocol\Parser.js:43:10)
    at Protocol.write (c:\Users\Steve\Desktop\skyfall\node_modules\mysql\lib\protocol\Protocol.js:38:16)
    at Socket.<anonymous> (c:\Users\Steve\Desktop\skyfall\node_modules\mysql\lib\Connection.js:88:28)
    at Socket.<anonymous> (c:\Users\Steve\Desktop\skyfall\node_modules\mysql\lib\Connection.js:526:10)
    at Socket.emit (events.js:223:5)
    at addChunk (_stream_readable.js:309:12)
    --------------------
    at Protocol._enqueue (c:\Users\Steve\Desktop\skyfall\node_modules\mysql\lib\protocol\Protocol.js:144:48)
    at Connection.query (c:\Users\Steve\Desktop\skyfall\node_modules\mysql\lib\Connection.js:198:25)
    at scanMessageContent (c:\Users\Steve\Desktop\skyfall\bot.js:102:10)
    at Query.<anonymous> (c:\Users\Steve\Desktop\skyfall\bot.js:505:15)
    at processTicksAndRejections (internal/process/task_queues.js:94:5)
[6/23/20 | 0:52]: calling SQL in scanMessageContent() generated an error: Error: ER_BAD_FIELD_ERROR: Unknown column 'defaultErrorEmbedColor' in 'field list'
    at Query.Sequence._packetToError (c:\Users\Steve\Desktop\skyfall\node_modules\mysql\lib\protocol\sequences\Sequence.js:47:14)
    at Query.ErrorPacket (c:\Users\Steve\Desktop\skyfall\node_modules\mysql\lib\protocol\sequences\Query.js:79:18)
    at Protocol._parsePacket (c:\Users\Steve\Desktop\skyfall\node_modules\mysql\lib\protocol\Protocol.js:291:23)
    at Parser._parsePacket (c:\Users\Steve\Desktop\skyfall\node_modules\mysql\lib\protocol\Parser.js:433:10)
    at Parser.write (c:\Users\Steve\Desktop\skyfall\node_modules\mysql\lib\protocol\Parser.js:43:10)
    at Protocol.write (c:\Users\Steve\Desktop\skyfall\node_modules\mysql\lib\protocol\Protocol.js:38:16)
    at Socket.<anonymous> (c:\Users\Steve\Desktop\skyfall\node_modules\mysql\lib\Connection.js:88:28)
    at Socket.<anonymous> (c:\Users\Steve\Desktop\skyfall\node_modules\mysql\lib\Connection.js:526:10)
    at Socket.emit (events.js:223:5)
    at addChunk (_stream_readable.js:309:12)
    --------------------
    at Protocol._enqueue (c:\Users\Steve\Desktop\skyfall\node_modules\mysql\lib\protocol\Protocol.js:144:48)
    at Connection.query (c:\Users\Steve\Desktop\skyfall\node_modules\mysql\lib\Connection.js:198:25)
    at scanMessageContent (c:\Users\Steve\Desktop\skyfall\bot.js:102:10)
    at Query.<anonymous> (c:\Users\Steve\Desktop\skyfall\bot.js:505:15)
    at processTicksAndRejections (internal/process/task_queues.js:94:5)
[6/23/20 | 0:52]: calling SQL in scanMessageContent() generated an error: Error: ER_BAD_FIELD_ERROR: Unknown column 'defaultErrorEmbedColor' in 'field list'
    at Query.Sequence._packetToError (c:\Users\Steve\Desktop\skyfall\node_modules\mysql\lib\protocol\sequences\Sequence.js:47:14)
    at Query.ErrorPacket (c:\Users\Steve\Desktop\skyfall\node_modules\mysql\lib\protocol\sequences\Query.js:79:18)
    at Protocol._parsePacket (c:\Users\Steve\Desktop\skyfall\node_modules\mysql\lib\protocol\Protocol.js:291:23)
    at Parser._parsePacket (c:\Users\Steve\Desktop\skyfall\node_modules\mysql\lib\protocol\Parser.js:433:10)
    at Parser.write (c:\Users\Steve\Desktop\skyfall\node_modules\mysql\lib\protocol\Parser.js:43:10)
    at Protocol.write (c:\Users\Steve\Desktop\skyfall\node_modules\mysql\lib\protocol\Protocol.js:38:16)
    at Socket.<anonymous> (c:\Users\Steve\Desktop\skyfall\node_modules\mysql\lib\Connection.js:88:28)
    at Socket.<anonymous> (c:\Users\Steve\Desktop\skyfall\node_modules\mysql\lib\Connection.js:526:10)
    at Socket.emit (events.js:223:5)
    at addChunk (_stream_readable.js:309:12)
    --------------------
    at Protocol._enqueue (c:\Users\Steve\Desktop\skyfall\node_modules\mysql\lib\protocol\Protocol.js:144:48)
    at Connection.query (c:\Users\Steve\Desktop\skyfall\node_modules\mysql\lib\Connection.js:198:25)
    at scanMessageContent (c:\Users\Steve\Desktop\skyfall\bot.js:102:10)
    at Query.<anonymous> (c:\Users\Steve\Desktop\skyfall\bot.js:505:15)
    at processTicksAndRejections (internal/process/task_queues.js:94:5)
[6/23/20 | 0:52]: calling SQL in scanMessageContent() generated an error: Error: ER_BAD_FIELD_ERROR: Unknown column 'defaultErrorEmbedColor' in 'field list'
    at Query.Sequence._packetToError (c:\Users\Steve\Desktop\skyfall\node_modules\mysql\lib\protocol\sequences\Sequence.js:47:14)
    at Query.ErrorPacket (c:\Users\Steve\Desktop\skyfall\node_modules\mysql\lib\protocol\sequences\Query.js:79:18)
    at Protocol._parsePacket (c:\Users\Steve\Desktop\skyfall\node_modules\mysql\lib\protocol\Protocol.js:291:23)
    at Parser._parsePacket (c:\Users\Steve\Desktop\skyfall\node_modules\mysql\lib\protocol\Parser.js:433:10)
    at Parser.write (c:\Users\Steve\Desktop\skyfall\node_modules\mysql\lib\protocol\Parser.js:43:10)
    at Protocol.write (c:\Users\Steve\Desktop\skyfall\node_modules\mysql\lib\protocol\Protocol.js:38:16)
    at Socket.<anonymous> (c:\Users\Steve\Desktop\skyfall\node_modules\mysql\lib\Connection.js:88:28)
    at Socket.<anonymous> (c:\Users\Steve\Desktop\skyfall\node_modules\mysql\lib\Connection.js:526:10)
    at Socket.emit (events.js:223:5)
    at addChunk (_stream_readable.js:309:12)
    --------------------
    at Protocol._enqueue (c:\Users\Steve\Desktop\skyfall\node_modules\mysql\lib\protocol\Protocol.js:144:48)
    at Connection.query (c:\Users\Steve\Desktop\skyfall\node_modules\mysql\lib\Connection.js:198:25)
    at scanMessageContent (c:\Users\Steve\Desktop\skyfall\bot.js:102:10)
    at Client.<anonymous> (c:\Users\Steve\Desktop\skyfall\bot.js:833:3)
    at processTicksAndRejections (internal/process/task_queues.js:94:5)
[6/23/20 | 0:52]: calling SQL in scanMessageContent() generated an error: Error: ER_BAD_FIELD_ERROR: Unknown column 'defaultErrorEmbedColor' in 'field list'
    at Query.Sequence._packetToError (c:\Users\Steve\Desktop\skyfall\node_modules\mysql\lib\protocol\sequences\Sequence.js:47:14)
    at Query.ErrorPacket (c:\Users\Steve\Desktop\skyfall\node_modules\mysql\lib\protocol\sequences\Query.js:79:18)
    at Protocol._parsePacket (c:\Users\Steve\Desktop\skyfall\node_modules\mysql\lib\protocol\Protocol.js:291:23)
    at Parser._parsePacket (c:\Users\Steve\Desktop\skyfall\node_modules\mysql\lib\protocol\Parser.js:433:10)
    at Parser.write (c:\Users\Steve\Desktop\skyfall\node_modules\mysql\lib\protocol\Parser.js:43:10)
    at Protocol.write (c:\Users\Steve\Desktop\skyfall\node_modules\mysql\lib\protocol\Protocol.js:38:16)
    at Socket.<anonymous> (c:\Users\Steve\Desktop\skyfall\node_modules\mysql\lib\Connection.js:88:28)
    at Socket.<anonymous> (c:\Users\Steve\Desktop\skyfall\node_modules\mysql\lib\Connection.js:526:10)
    at Socket.emit (events.js:223:5)
    at addChunk (_stream_readable.js:309:12)
    --------------------
    at Protocol._enqueue (c:\Users\Steve\Desktop\skyfall\node_modules\mysql\lib\protocol\Protocol.js:144:48)
    at Connection.query (c:\Users\Steve\Desktop\skyfall\node_modules\mysql\lib\Connection.js:198:25)
    at scanMessageContent (c:\Users\Steve\Desktop\skyfall\bot.js:102:10)
    at Query.<anonymous> (c:\Users\Steve\Desktop\skyfall\bot.js:505:15)
    at processTicksAndRejections (internal/process/task_queues.js:94:5)
[6/23/20 | 0:52]: calling SQL in scanMessageContent() generated an error: Error: ER_BAD_FIELD_ERROR: Unknown column 'defaultErrorEmbedColor' in 'field list'
    at Query.Sequence._packetToError (c:\Users\Steve\Desktop\skyfall\node_modules\mysql\lib\protocol\sequences\Sequence.js:47:14)
    at Query.ErrorPacket (c:\Users\Steve\Desktop\skyfall\node_modules\mysql\lib\protocol\sequences\Query.js:79:18)
    at Protocol._parsePacket (c:\Users\Steve\Desktop\skyfall\node_modules\mysql\lib\protocol\Protocol.js:291:23)
    at Parser._parsePacket (c:\Users\Steve\Desktop\skyfall\node_modules\mysql\lib\protocol\Parser.js:433:10)
    at Parser.write (c:\Users\Steve\Desktop\skyfall\node_modules\mysql\lib\protocol\Parser.js:43:10)
    at Protocol.write (c:\Users\Steve\Desktop\skyfall\node_modules\mysql\lib\protocol\Protocol.js:38:16)
    at Socket.<anonymous> (c:\Users\Steve\Desktop\skyfall\node_modules\mysql\lib\Connection.js:88:28)
    at Socket.<anonymous> (c:\Users\Steve\Desktop\skyfall\node_modules\mysql\lib\Connection.js:526:10)
    at Socket.emit (events.js:223:5)
    at addChunk (_stream_readable.js:309:12)
    --------------------
    at Protocol._enqueue (c:\Users\Steve\Desktop\skyfall\node_modules\mysql\lib\protocol\Protocol.js:144:48)
    at Connection.query (c:\Users\Steve\Desktop\skyfall\node_modules\mysql\lib\Connection.js:198:25)
    at scanMessageContent (c:\Users\Steve\Desktop\skyfall\bot.js:102:10)
    at Client.<anonymous> (c:\Users\Steve\Desktop\skyfall\bot.js:833:3)
    at processTicksAndRejections (internal/process/task_queues.js:94:5)
[6/23/20 | 1:25]: CMD execution generated an error: SyntaxError: Unexpected token '&'
    at ReactionCollector.<anonymous> (c:\Users\Steve\Desktop\skyfall\commands\Owner\[Owner] Cmd.js:69:37)
    at ReactionCollector.emit (events.js:223:5)
    at ReactionCollector._handle (c:\Users\Steve\Desktop\skyfall\node_modules\discord.js\src\structures\interfaces\Collector.js:100:12)
    at Client.emit (events.js:223:5)
    at MessageReactionAdd.handle (c:\Users\Steve\Desktop\skyfall\node_modules\discord.js\src\client\actions\MessageReactionAdd.js:24:31)
    at MessageReactionAddHandler.handle (c:\Users\Steve\Desktop\skyfall\node_modules\discord.js\src\client\websocket\packets\handlers\MessageReactionAdd.js:7:39)
    at WebSocketPacketManager.handle (c:\Users\Steve\Desktop\skyfall\node_modules\discord.js\src\client\websocket\packets\WebSocketPacketManager.js:108:65)
    at WebSocketConnection.onPacket (c:\Users\Steve\Desktop\skyfall\node_modules\discord.js\src\client\websocket\WebSocketConnection.js:336:35)
    at WebSocketConnection.onMessage (c:\Users\Steve\Desktop\skyfall\node_modules\discord.js\src\client\websocket\WebSocketConnection.js:299:17)
    at WebSocket.onMessage (c:\Users\Steve\Desktop\skyfall\node_modules\ws\lib\event-target.js:120:16)
[6/23/20 | 1:28]: CMD execution generated an error: SyntaxError: Invalid or unexpected token
    at ReactionCollector.<anonymous> (c:\Users\Steve\Desktop\skyfall\commands\Owner\[Owner] Cmd.js:69:37)
    at ReactionCollector.emit (events.js:223:5)
    at ReactionCollector._handle (c:\Users\Steve\Desktop\skyfall\node_modules\discord.js\src\structures\interfaces\Collector.js:100:12)
    at Client.emit (events.js:223:5)
    at MessageReactionAdd.handle (c:\Users\Steve\Desktop\skyfall\node_modules\discord.js\src\client\actions\MessageReactionAdd.js:24:31)
    at MessageReactionAddHandler.handle (c:\Users\Steve\Desktop\skyfall\node_modules\discord.js\src\client\websocket\packets\handlers\MessageReactionAdd.js:7:39)
    at WebSocketPacketManager.handle (c:\Users\Steve\Desktop\skyfall\node_modules\discord.js\src\client\websocket\packets\WebSocketPacketManager.js:108:65)
    at WebSocketConnection.onPacket (c:\Users\Steve\Desktop\skyfall\node_modules\discord.js\src\client\websocket\WebSocketConnection.js:336:35)
    at WebSocketConnection.onMessage (c:\Users\Steve\Desktop\skyfall\node_modules\discord.js\src\client\websocket\WebSocketConnection.js:299:17)
    at WebSocket.onMessage (c:\Users\Steve\Desktop\skyfall\node_modules\ws\lib\event-target.js:120:16)
[6/23/20 | 1:28]: CMD execution generated an error: SyntaxError: Invalid or unexpected token
    at ReactionCollector.<anonymous> (c:\Users\Steve\Desktop\skyfall\commands\Owner\[Owner] Cmd.js:69:37)
    at ReactionCollector.emit (events.js:223:5)
    at ReactionCollector._handle (c:\Users\Steve\Desktop\skyfall\node_modules\discord.js\src\structures\interfaces\Collector.js:100:12)
    at Client.emit (events.js:223:5)
    at MessageReactionAdd.handle (c:\Users\Steve\Desktop\skyfall\node_modules\discord.js\src\client\actions\MessageReactionAdd.js:24:31)
    at MessageReactionAddHandler.handle (c:\Users\Steve\Desktop\skyfall\node_modules\discord.js\src\client\websocket\packets\handlers\MessageReactionAdd.js:7:39)
    at WebSocketPacketManager.handle (c:\Users\Steve\Desktop\skyfall\node_modules\discord.js\src\client\websocket\packets\WebSocketPacketManager.js:108:65)
    at WebSocketConnection.onPacket (c:\Users\Steve\Desktop\skyfall\node_modules\discord.js\src\client\websocket\WebSocketConnection.js:336:35)
    at WebSocketConnection.onMessage (c:\Users\Steve\Desktop\skyfall\node_modules\discord.js\src\client\websocket\WebSocketConnection.js:299:17)
    at WebSocket.onMessage (c:\Users\Steve\Desktop\skyfall\node_modules\ws\lib\event-target.js:120:16)
[6/23/20 | 19:03]: Updating settings generated an error: TypeError: Class constructor RichEmbed cannot be invoked without 'new'
    at Object.exports.setting (c:\Users\Steve\Desktop\skyfall\commands\Server Owner\settings-functions.js:12:17)
    at ReactionCollector.<anonymous> (c:\Users\Steve\Desktop\skyfall\commands\Server Owner\Settings.js:47:15)
    at ReactionCollector.emit (events.js:223:5)
    at ReactionCollector._handle (c:\Users\Steve\Desktop\skyfall\node_modules\discord.js\src\structures\interfaces\Collector.js:92:10)
    at Client.emit (events.js:223:5)
    at MessageReactionAdd.handle (c:\Users\Steve\Desktop\skyfall\node_modules\discord.js\src\client\actions\MessageReactionAdd.js:24:31)
    at MessageReactionAddHandler.handle (c:\Users\Steve\Desktop\skyfall\node_modules\discord.js\src\client\websocket\packets\handlers\MessageReactionAdd.js:7:39)
    at WebSocketPacketManager.handle (c:\Users\Steve\Desktop\skyfall\node_modules\discord.js\src\client\websocket\packets\WebSocketPacketManager.js:105:65)
    at WebSocketConnection.onPacket (c:\Users\Steve\Desktop\skyfall\node_modules\discord.js\src\client\websocket\WebSocketConnection.js:333:35)
    at WebSocketConnection.onMessage (c:\Users\Steve\Desktop\skyfall\node_modules\discord.js\src\client\websocket\WebSocketConnection.js:296:17)
[6/23/20 | 20:28]: Realtime logging settings generated an error: ReferenceError: msg is not defined
    at Object.exports.realTimeLoggingSettings (c:\Users\Steve\Desktop\skyfall\commands\Server Owner\settings-functions.js:128:5)
    at ReactionCollector.<anonymous> (c:\Users\Steve\Desktop\skyfall\commands\Server Owner\Settings.js:62:15)
    at ReactionCollector.emit (events.js:223:5)
    at ReactionCollector._handle (c:\Users\Steve\Desktop\skyfall\node_modules\discord.js\src\structures\interfaces\Collector.js:92:10)
    at Client.emit (events.js:223:5)
    at MessageReactionAdd.handle (c:\Users\Steve\Desktop\skyfall\node_modules\discord.js\src\client\actions\MessageReactionAdd.js:24:31)
    at MessageReactionAddHandler.handle (c:\Users\Steve\Desktop\skyfall\node_modules\discord.js\src\client\websocket\packets\handlers\MessageReactionAdd.js:7:39)
    at WebSocketPacketManager.handle (c:\Users\Steve\Desktop\skyfall\node_modules\discord.js\src\client\websocket\packets\WebSocketPacketManager.js:105:65)
    at WebSocketConnection.onPacket (c:\Users\Steve\Desktop\skyfall\node_modules\discord.js\src\client\websocket\WebSocketConnection.js:333:35)
    at WebSocketConnection.onMessage (c:\Users\Steve\Desktop\skyfall\node_modules\discord.js\src\client\websocket\WebSocketConnection.js:296:17)
[7/5/20 | 2:25]: Realtime logging settings generated an error: TypeError: Unable to convert color to a number.
    at Function.resolveColor (c:\Users\Steve\Desktop\skyfall\node_modules\discord.js\src\client\ClientDataResolver.js:361:13)
    at RichEmbed.setColor (c:\Users\Steve\Desktop\skyfall\node_modules\discord.js\src\structures\RichEmbed.js:125:37)
    at Object.exports.realTimeLoggingSettings (c:\Users\Steve\Desktop\skyfall\commands\Server Owner\settings-functions.js:122:8)
    at ReactionCollector.<anonymous> (c:\Users\Steve\Desktop\skyfall\commands\Server Owner\Settings.js:62:15)
    at ReactionCollector.emit (events.js:223:5)
    at ReactionCollector._handle (c:\Users\Steve\Desktop\skyfall\node_modules\discord.js\src\structures\interfaces\Collector.js:92:10)
    at Client.emit (events.js:223:5)
    at MessageReactionAdd.handle (c:\Users\Steve\Desktop\skyfall\node_modules\discord.js\src\client\actions\MessageReactionAdd.js:24:31)
    at MessageReactionAddHandler.handle (c:\Users\Steve\Desktop\skyfall\node_modules\discord.js\src\client\websocket\packets\handlers\MessageReactionAdd.js:7:39)
    at WebSocketPacketManager.handle (c:\Users\Steve\Desktop\skyfall\node_modules\discord.js\src\client\websocket\packets\WebSocketPacketManager.js:105:65)
[7/5/20 | 3:01]: Updating settings generated an error: TypeError: Cannot read property 'avatarURL' of undefined
    at Object.exports.setting (c:\Users\Steve\Desktop\skyfall\commands\Server Owner\settings-functions.js:15:57)
    at ReactionCollector.<anonymous> (c:\Users\Steve\Desktop\skyfall\commands\Server Owner\Settings.js:50:15)
    at ReactionCollector.emit (events.js:223:5)
    at ReactionCollector._handle (c:\Users\Steve\Desktop\skyfall\node_modules\discord.js\src\structures\interfaces\Collector.js:92:10)
    at Client.emit (events.js:223:5)
    at MessageReactionAdd.handle (c:\Users\Steve\Desktop\skyfall\node_modules\discord.js\src\client\actions\MessageReactionAdd.js:24:31)
    at MessageReactionAddHandler.handle (c:\Users\Steve\Desktop\skyfall\node_modules\discord.js\src\client\websocket\packets\handlers\MessageReactionAdd.js:7:39)
    at WebSocketPacketManager.handle (c:\Users\Steve\Desktop\skyfall\node_modules\discord.js\src\client\websocket\packets\WebSocketPacketManager.js:105:65)
    at WebSocketConnection.onPacket (c:\Users\Steve\Desktop\skyfall\node_modules\discord.js\src\client\websocket\WebSocketConnection.js:333:35)
    at WebSocketConnection.onMessage (c:\Users\Steve\Desktop\skyfall\node_modules\discord.js\src\client\websocket\WebSocketConnection.js:296:17)
