[13:55]: (385432478526996492) Nugget#5345 warned user (661064119713267712) m3to#5538 for selling/scamming
[17:28]: (292773664750043138) X22#4585 warned user (269876078334574614) Kasperi88#5053 for Advertising (rule 4)
[17:36]: (385432478526996492) Nugget#5345 warned user (269876078334574614) Kasperi88#5053 for  Advertising (rule 4)
[17:38]: (385432478526996492) Nugget#5345 warned user (269876078334574614) Kasperi88#5053 for  advertising (rule 4)
[2:20]: (292773664750043138) X22#4585 warned user (524847033438175232) carlito600145#5592 for Advertising rule 4
[14:53]: (292773664750043138) X22#4585 warned user (529356863381176320) George W. Kush#3131 for IP grabber
[5:18]: (385432478526996492) Nugget#5345 warned user (661064119713267712) nickawatts#5538 for selling
[19:29]: (482656423914766336) Russian Heavy#8525 warned user (676672394831855626) eclipse#5674 for  Self promote
[19:32]: (482656423914766336) Russian Heavy#8525 warned user (676672394831855626) eclipse#5674 for  2nd offense of self promotion
[10:44]: (385432478526996492) Nugget#5345 warned user (676672394831855626) eclipse#5674 for scamming
[19:35]: (385432478526996492) Nugget#5345 warned user (269478346235183104) _LOSIEK_#9100 for stop pinging
[20:21]: (385432478526996492) Nugget#5345 warned user (269478346235183104) _LOSIEK_#9100 for ping again
[19:38]: (385432478526996492) Nugget#5345 warned user (542321272051466240) Robbertz#0969 for possible ip link thingy (im such a boomer
[1:24]: (292773664750043138) Fallen#4585 warned user (600682195597787136) pink death#6846 for  selling
[15:40]: (292773664750043138) Fallen#4585 warned user (292773664750043138) System for Swearing
[15:48]: (292773664750043138) Fallen#4585 warned user (301879070202003459) Vicioxsly#5326 for selling
[18:01]: (292773664750043138) Fallen#4585 warned user (292773664750043138) System for Swearing
[18:01]: (292773664750043138) Fallen#4585 warned user (292773664750043138) System for Swearing
[21:49]: (292773664750043138) Fallen#4585 warned user (677175187677904896) goldcigo#2291 for spam
[21:49]: (292773664750043138) Fallen#4585 warned user (677175187677904896) goldcigo#2291 for spam
[21:49]: (292773664750043138) Fallen#4585 warned user (677175187677904896) goldcigo#2291 for spam
[21:49]: (292773664750043138) Fallen#4585 warned user (677175187677904896) goldcigo#2291 for spam
[21:49]: (292773664750043138) Fallen#4585 warned user (677175187677904896) goldcigo#2291 for spam
[21:49]: (292773664750043138) Fallen#4585 warned user (677175187677904896) goldcigo#2291 for spam
[21:57]: (482656423914766336) Russian Heavy#8525 warned user (313690842776993803) N0T.RUSS14N#4348 for  spam
[14:33]: (482656423914766336) Russian Heavy#8525 warned user (676672394831855626) eclipse#5674 for  sellling
[16:24]: (385432478526996492) Nugget#5345 warned user (676672394831855626) eclipse#5674 for scamming retard for the 1000th time
[17:50]: (482656423914766336) Russian Heavy#8525 warned user (677175187677904896) brkn#2291 for  sellling hhhh
[11:25]: (385432478526996492) Nugget#5345 warned user (460831470785789953) freak#6089 for  DO NOT FUCKING POST DLLS PLEASE
[14:07]: (482656423914766336) Russian Heavy#8525 warned user (677175187677904896) brkn#2291 for  stop poo
[17:59]: (482656423914766336) Russian Heavy#8525 warned user (509827644401909765) Mehhaba#9503 for  spam
[19:35]: (346181147937734657) Snow.#5136 warned user (346181147937734657) Snow.#5136 for  fag
[19:37]: (346181147937734657) Snow.#5136 warned user (600682195597787136) pink death#6846 for  selling random invites
[23:03]: (482656423914766336) Russian Heavy#8525 warned user (460831470785789953) freak#6089 for  gay
[8:20]: (346181147937734657) Snow.#5136 warned user (433288171833393152) Rebelka#4346 for stop that
[8:20]: (675792827426537503) Synz HvH#5797 warned user (433288171833393152) Rebelka#4346 for  Please stop chatting utter shit AW v5 is dogshit
[8:23]: (346181147937734657) Snow.#5136 warned user (433288171833393152) Rebelka#4346 for cuz he warned u a 2nd time and had to remove both
[8:28]: (675792827426537503) Synz HvH#5797 warned user (433288171833393152) Rebelka#4346 for  Being Rude To People (aka Toxic) For No Reason, including: Homophobic slurs, and Staff Disrespect.
[16:50]: (292773664750043138) Fallen#4585 warned user (474535098801455105) Catzy#1988 for earrape
[21:24]: (627521936007888896) ads#0001 warned user (627521936007888896) ads#0001 for gay
[4:54]: (675792827426537503) Synz HvH#5797 warned user (487486966297002004) Leak#6228 for Posting links, Don’t post links we don’t trust you.
[5:04]: (675792827426537503) Synz HvH#5797 warned user (487486966297002004) Leak#6228 for Consistency of calling <@!675792827426537503> a abusive staff, and posting links in <#672511678125965312> when asked not to.
[19:57]: (346181147937734657) Snow.#5136 warned user (669971287296311326) _Lukas_#6966 for dont spam
[23:15]: (346181147937734657) Snow.#5136 warned user (418390402853502996) 311_ma_#4814 for promoting
[0:40]: (627521936007888896) ads#0001 warned user (496849255483441152) Joebama#1651 for  bad hvher
[0:43]: (482656423914766336) Russian Heavy#8525 warned user (496849255483441152) Joebama#1651 for  advertise
[0:54]: (627521936007888896) ads#0001 warned user (496849255483441152) Joebama#1651 for  epic
[0:58]: (675792827426537503) Synz HvH#5797 warned user (496849255483441152) Joebama#1651 for  Consistently saying "poop"
[1:00]: (675792827426537503) Synz HvH#5797 warned user (496849255483441152) Joebama#1651 for  Racial Slurs
[1:17]: (675792827426537503) Synz HvH#5797 warned user (496849255483441152) Joebama#1651 for  lying and then promoting
[1:18]: (675792827426537503) Synz HvH#5797 warned user (496849255483441152) Joebama#1651 for  lying and then promoting
[1:18]: (675792827426537503) Synz HvH#5797 warned user (496849255483441152) Joebama#1651 for  lying and then promoting
[12:47]: (346181147937734657) Snow.#5136 warned user (346181147937734657) Snow.#5136 for  hello boi
[20:03]: (292773664750043138) Fallen#4585 warned user (675792827426537503) Synz HvH#5797 for spamming images in mm chat
[23:14]: (675792827426537503) Synz HvH#5797 warned user (482656423914766336) Russian Heavy#8525 for spam
[23:14]: (482656423914766336) Russian Heavy#8525 warned user (675792827426537503) Synz HvH#5797 for  shut up
[14:53]: (292773664750043138) Fallen#4585 warned user (675792827426537503) Synz HvH#5797 for  posting image in announcements with no reason
[15:29]: (346181147937734657) Snow.#5136 warned user (505436074865197076) UUUU#8706 for trying to promote other servers
[11:22]: (292773664750043138) Fallen#4585 warned user (610485897565175848) outOfRange#5833 for  <test>
[11:34]: (292773664750043138) Fallen#4585 warned user (610485897565175848) outOfRange#5833 for  test
[11:47]: (292773664750043138) Fallen#4585 warned user (610485897565175848) outOfRange#5833 for  lmao
[11:48]: (292773664750043138) Fallen#4585 warned user (610485897565175848) outOfRange#5833 for  lmao
[11:52]: (292773664750043138) Fallen#4585 warned user (292773664750043138) Fallen#4585 for 
[11:52]: (292773664750043138) Fallen#4585 warned user (292773664750043138) Fallen#4585 for 
[11:53]: (292773664750043138) Fallen#4585 warned user (292773664750043138) Fallen#4585 for 
[11:53]: (292773664750043138) Fallen#4585 warned user (292773664750043138) Fallen#4585 for 138> lmao
[11:54]: (292773664750043138) Fallen#4585 warned user (292773664750043138) Fallen#4585 for > lmao
[11:54]: (292773664750043138) Fallen#4585 warned user (292773664750043138) Fallen#4585 for lmao
[20:52]: (506614097190584352) noone and everyone#1374 warned user (506614097190584352) System for Swearing
[20:52]: (506614097190584352) noone and everyone#1374 warned user (506614097190584352) System for Link outside of whitelisted link posting area
[20:56]: (506614097190584352) noone and everyone#1374 warned user (506614097190584352) System for Link outside of whitelisted link posting area
[20:57]: (506614097190584352) noone and everyone#1374 warned user (506614097190584352) System for Link outside of whitelisted link posting area
[22:18]: (506614097190584352) noone and everyone#1374 warned user (506614097190584352) System for Link outside of whitelisted link posting area
[22:19]: (506614097190584352) noone and everyone#1374 warned user (506614097190584352) System for Link outside of whitelisted link posting area
[22:24]: (506614097190584352) noone and everyone#1374 warned user (506614097190584352) System for Link outside of whitelisted link posting area
[22:55]: (506614097190584352) noone and everyone#1374 warned user (506614097190584352) noone and everyone#1374 for lmao
[22:55]: (506614097190584352) noone and everyone#1374 warned user (506614097190584352) noone and everyone#1374 for lmao
[22:55]: (506614097190584352) noone and everyone#1374 warned user (506614097190584352) noone and everyone#1374 for lmao
[22:58]: (506614097190584352) noone and everyone#1374 warned user (506614097190584352) noone and everyone#1374 for lmao
[22:58]: (506614097190584352) noone and everyone#1374 warned user (506614097190584352) noone and everyone#1374 for lmao
[22:58]: (506614097190584352) noone and everyone#1374 warned user (506614097190584352) noone and everyone#1374 for lmao
[22:59]: (506614097190584352) noone and everyone#1374 warned user (506614097190584352) noone and everyone#1374 for lmao
[23:00]: (506614097190584352) noone and everyone#1374 warned user (506614097190584352) noone and everyone#1374 for lmao
[23:00]: (506614097190584352) noone and everyone#1374 warned user (506614097190584352) noone and everyone#1374 for lmao
[23:01]: (292773664750043138) Fallen#4585 warned user (506614097190584352) noone and everyone#1374 for lmao
[23:02]: (292773664750043138) Fallen#4585 warned user (506614097190584352) noone and everyone#1374 for lmao
[23:02]: (292773664750043138) Fallen#4585 warned user (506614097190584352) noone and everyone#1374 for lmao
[23:03]: (292773664750043138) Fallen#4585 warned user (506614097190584352) noone and everyone#1374 for lmao
[23:03]: (292773664750043138) Fallen#4585 warned user (506614097190584352) noone and everyone#1374 for lmao
[23:04]: (292773664750043138) Fallen#4585 warned user (506614097190584352) noone and everyone#1374 for lmao
[23:06]: (292773664750043138) Fallen#4585 warned user (506614097190584352) noone and everyone#1374 for lmao
[23:24]: (292773664750043138) Fallen#4585 warned user (506614097190584352) noone and everyone#1374 for 19
[23:24]: (292773664750043138) Fallen#4585 warned user (506614097190584352) noone and everyone#1374 for 19
[23:25]: (292773664750043138) Fallen#4585 warned user (506614097190584352) noone and everyone#1374 for 19
[23:31]: (292773664750043138) Fallen#4585 warned user (292773664750043138) Fallen#4585 for 
[23:32]: (292773664750043138) Fallen#4585 warned user (292773664750043138) Fallen#4585 for 
[23:32]: (292773664750043138) Fallen#4585 warned user (292773664750043138) Fallen#4585 for 
[23:33]: (292773664750043138) Fallen#4585 warned user (292773664750043138) Fallen#4585 for 
[23:36]: (292773664750043138) Fallen#4585 warned user (292773664750043138) Fallen#4585 for bn
[0:09]: (506614097190584352) noone and everyone#1374 warned user (506614097190584352) System for Link outside of whitelisted link posting area
[0:10]: (292773664750043138) Fallen#4585 warned user (292773664750043138) System for Link outside of whitelisted link posting area
[0:11]: (292773664750043138) Fallen#4585 warned user (292773664750043138) System for Link outside of whitelisted link posting area
[0:15]: (292773664750043138) Fallen#4585 warned user (292773664750043138) System for Link outside of whitelisted link posting area
[1:49]: (506614097190584352) noone and everyone#1374 warned user (506614097190584352) System for Image outside of whitelisted image posting area
[1:49]: (506614097190584352) noone and everyone#1374 warned user (506614097190584352) System for Image outside of whitelisted image posting area
[1:49]: (506614097190584352) noone and everyone#1374 warned user (506614097190584352) System for Image outside of whitelisted image posting area
[1:49]: (506614097190584352) noone and everyone#1374 warned user (506614097190584352) System for Image outside of whitelisted image posting area
[1:49]: (506614097190584352) noone and everyone#1374 warned user (506614097190584352) System for Image outside of whitelisted image posting area
[1:50]: (506614097190584352) noone and everyone#1374 warned user (506614097190584352) System for Image outside of whitelisted image posting area
[3:00]: (506614097190584352) noone and everyone#1374 warned user (506614097190584352) System for Image outside of whitelisted image posting area
[3:02]: (506614097190584352) noone and everyone#1374 warned user (506614097190584352) System for Image outside of whitelisted image posting area
[3:07]: (506614097190584352) noone and everyone#1374 warned user (506614097190584352) System for Link outside of whitelisted link posting area
[3:07]: (506614097190584352) noone and everyone#1374 warned user (506614097190584352) System for Image outside of whitelisted image posting area
[11:28]: (270424018736250880) Dim#5215 warned user (270424018736250880) System for Link outside of whitelisted link posting area
[21:44]: (292773664750043138) Fallen#4585 warned user (506614097190584352) noone and everyone#1374 for lmao
[21:48]: (292773664750043138) Fallen#4585 warned user (506614097190584352) noone and everyone#1374 for lmao
[21:49]: (292773664750043138) Fallen#4585 warned user (506614097190584352) noone and everyone#1374 for lmao
[21:49]: (292773664750043138) Fallen#4585 warned user (506614097190584352) noone and everyone#1374 for lmao
[21:50]: (292773664750043138) Fallen#4585 warned user (506614097190584352) noone and everyone#1374 for lmao
[21:50]: (292773664750043138) Fallen#4585 warned user (506614097190584352) noone and everyone#1374 for lmao
[21:51]: (292773664750043138) Fallen#4585 warned user (506614097190584352) noone and everyone#1374 for lmao
[21:52]: (292773664750043138) Fallen#4585 warned user (506614097190584352) noone and everyone#1374 for lmao
[21:52]: (292773664750043138) Fallen#4585 warned user (506614097190584352) noone and everyone#1374 for lmao
[21:52]: (292773664750043138) Fallen#4585 warned user (506614097190584352) noone and everyone#1374 for lmao
[21:53]: (292773664750043138) Fallen#4585 warned user (506614097190584352) noone and everyone#1374 for lmao
[21:53]: (292773664750043138) Fallen#4585 warned user (506614097190584352) noone and everyone#1374 for lmao
[21:53]: (292773664750043138) Fallen#4585 warned user (506614097190584352) noone and everyone#1374 for lmao
[21:54]: (292773664750043138) Fallen#4585 warned user (506614097190584352) noone and everyone#1374 for lmao
[21:55]: (292773664750043138) Fallen#4585 warned user (506614097190584352) noone and everyone#1374 for lmao
[21:55]: (292773664750043138) Fallen#4585 warned user (506614097190584352) noone and everyone#1374 for lmao
[21:55]: (292773664750043138) Fallen#4585 warned user (506614097190584352) noone and everyone#1374 for lmao
[22:01]: (292773664750043138) Fallen#4585 warned user (506614097190584352) noone and everyone#1374 for lmao
[10:35]: (292773664750043138) Fallen#4585 warned user (292773664750043138) System for Swearing
[10:36]: (473934239109218305) Robbyomg#8807 warned user (473934239109218305) System for Swearing
[10:45]: (506614097190584352) who.ru#5777 warned user (506614097190584352) System for Swearing
[4:13]: (292773664750043138) Fallen#4585 warned user (553411512803524618) Lion#3933 for 8&gt; lol
[3:13]: (506614097190584352) fallen got deactivated#5777 warned user (506614097190584352) System for Swearing
[3:21]: (506614097190584352) fallen got deactivated#5777 warned user (506614097190584352) System for Swearing
[3:49]: (292773664750043138) Fallen#4585 warned user (506614097190584352) Fallen#4585 for 2&gt; test
[3:54]: (292773664750043138) Fallen#4585 warned user (506614097190584352) Fallen#4585 for fal
